<?xml version="1.0" encoding="UTF-8"?>
<testng-results skipped="0" failed="0" ignored="0" total="4" passed="4">
  <reporter-output>
  </reporter-output>
  <suite name="TestNGReport" duration-ms="24532" started-at="2019-04-05T12:34:55Z" finished-at="2019-04-05T12:35:19Z">
    <groups>
    </groups>
    <test name="test" duration-ms="24532" started-at="2019-04-05T12:34:55Z" finished-at="2019-04-05T12:35:19Z">
      <class name="test.test1">
        <test-method status="PASS" signature="setup()[pri:0, instance:test.test1@5e5792a0]" name="setup" is-config="true" duration-ms="11714" started-at="2019-04-05T18:04:55Z" finished-at="2019-04-05T18:05:07Z">
          <reporter-output>
          </reporter-output>
        </test-method> <!-- setup -->
        <test-method status="PASS" signature="setup()[pri:0, instance:test.test2@26653222]" name="setup" is-config="true" duration-ms="8448" started-at="2019-04-05T18:05:07Z" finished-at="2019-04-05T18:05:15Z">
          <reporter-output>
          </reporter-output>
        </test-method> <!-- setup -->
        <test-method status="PASS" signature="verifyHomePageTitleTest()[pri:0, instance:test.test1@5e5792a0]" name="verifyHomePageTitleTest" duration-ms="88" started-at="2019-04-05T18:05:15Z" finished-at="2019-04-05T18:05:15Z">
          <reporter-output>
          </reporter-output>
        </test-method> <!-- verifyHomePageTitleTest -->
      </class> <!-- test.test1 -->
      <class name="test.test2">
        <test-method status="PASS" signature="jobSection()[pri:1, instance:test.test2@26653222]" name="jobSection" duration-ms="276" started-at="2019-04-05T18:05:15Z" finished-at="2019-04-05T18:05:15Z">
          <reporter-output>
          </reporter-output>
        </test-method> <!-- jobSection -->
        <test-method status="PASS" signature="TitleTest()[pri:2, instance:test.test2@26653222]" name="TitleTest" duration-ms="6" started-at="2019-04-05T18:05:15Z" finished-at="2019-04-05T18:05:15Z">
          <reporter-output>
          </reporter-output>
        </test-method> <!-- TitleTest -->
        <test-method status="PASS" signature="selectLocation()[pri:3, instance:test.test2@26653222]" name="selectLocation" duration-ms="1660" started-at="2019-04-05T18:05:15Z" finished-at="2019-04-05T18:05:17Z">
          <reporter-output>
          </reporter-output>
        </test-method> <!-- selectLocation -->
        <test-method status="PASS" signature="exit()[pri:0, instance:test.test2@26653222]" name="exit" is-config="true" duration-ms="2313" started-at="2019-04-05T18:05:17Z" finished-at="2019-04-05T18:05:19Z">
          <reporter-output>
          </reporter-output>
        </test-method> <!-- exit -->
      </class> <!-- test.test2 -->
    </test> <!-- test -->
  </suite> <!-- TestNGReport -->
</testng-results>
