<?xml version="1.0" encoding="UTF-8"?>
<!-- Generated by org.testng.reporters.JUnitXMLReporter -->
<testsuite hostname="DESKTOP-R3QKDGQ" ignored="0" name="test" tests="4" failures="0" timestamp="05 Apr 2019 12:35:19 GMT" time="24.532" errors="0">
  <testcase name="verifyHomePageTitleTest" time="0.088" classname="test.test1"/>
  <testcase name="jobSection" time="0.276" classname="test.test2"/>
  <testcase name="TitleTest" time="0.006" classname="test.test2"/>
  <testcase name="selectLocation" time="1.66" classname="test.test2"/>
</testsuite> <!-- test -->
