<?xml version="1.0" encoding="UTF-8"?>
<!-- Generated by org.testng.reporters.JUnitXMLReporter -->
<testsuite hostname="DESKTOP-R3QKDGQ" ignored="0" name="test" tests="4" failures="0" timestamp="05 Apr 2019 14:13:44 GMT" time="22.279" errors="0">
  <testcase name="verifyHomePageTitleTest" time="0.083" classname="test.test1"/>
  <testcase name="jobSection" time="0.211" classname="test.test2"/>
  <testcase name="TitleTest" time="0.007" classname="test.test2"/>
  <testcase name="selectLocation" time="1.806" classname="test.test2"/>
</testsuite> <!-- test -->
